===== LEVEL keep=0.01  20:14:42 =====
[lvl 1%] held=15 rho=85.48 L=85.5 train_rows=24,388
[pot] done 2.18 min | best val 4.23e+01
[lvl 1%] seen=25.385 nbhd=40.986 far=28.503
===== LEVEL keep=0.05  20:17:28 =====
[lvl 5%] held=15 rho=85.65 L=85.6 train_rows=121,197
[pot] done 6.56 min | best val 1.74e+00
[lvl 5%] seen=3.318 nbhd=5.383 far=4.435
===== LEVEL keep=0.10  20:24:37 =====
[lvl 10%] held=15 rho=85.52 L=85.5 train_rows=242,576
[pot] done 12.12 min | best val 7.88e-01
[lvl 10%] seen=0.948 nbhd=1.608 far=2.915
===== LEVEL keep=0.15  20:37:21 =====
[lvl 15%] held=15 rho=85.56 L=85.6 train_rows=363,673
[pot] done 18.07 min | best val 3.69e-01
[lvl 15%] seen=0.699 nbhd=1.188 far=2.560
===== LEVEL keep=0.20  20:56:01 =====
[lvl 20%] held=15 rho=85.57 L=85.6 train_rows=485,350
[pot] done 23.44 min | best val 7.80e-01
[lvl 20%] seen=0.411 nbhd=1.306 far=2.436
===== LEVEL keep=0.25  21:20:05 =====
[lvl 25%] held=15 rho=85.53 L=85.5 train_rows=607,132
[pot] done 29.51 min | best val 3.11e-01
[lvl 25%] seen=0.332 nbhd=1.145 far=2.484
===== AGGREGATE  21:50:13 =====
saved: /Users/protiknag/Desktop/PINN/experiments/exp_3nbhd_temporal/outputs/availability_comparison.png / .svg
| Availability | Seen (temporal) | Neighborhood (spatial) | Far (extrap.) | train rows |
|---|---|---|---|---|
| 1% | 25.385 | 40.986 | 28.503 | 24,388 |
| 5% | 3.318 | 5.383 | 4.435 | 121,197 |
| 10% | 0.948 | 1.608 | 2.915 | 242,576 |
| 15% | 0.699 | 1.188 | 2.560 | 363,673 |
| 20% | 0.411 | 1.306 | 2.436 | 485,350 |
| 25% | 0.332 | 1.145 | 2.484 | 607,132 |

saved: /Users/protiknag/Desktop/PINN/experiments/exp_3nbhd_temporal/outputs/availability_comparison.png/.svg, results_table.md, results.json
===== ALL DONE  21:50:14 =====
